[2853][1578573407856][requester][info]["EventBus~initialize - Success"]
[2853][1578573407861][requester][info]["Messaging~boot - Success"]
[2853][1578573407887][requester][info]["bootCrashReporter~ Success"]
[2853][1578573407889][requester][info]["Telemetry~boot - Success"]
[2853][1578573407891][requester][info]["bootConfigurations~initialize - Success"]
[2853][1578573407895][requester][info]["Settings~boot - Success"]
[2853][1578573408059][requester][info]["bootstrapModels - Success"]
[2853][1578573408059][requester][info]["WLModels~boot - Success"]
[2853][1578573408260][requester][info]["Session~boot - Success"]
[2853][1578573408270][requester][info]["IndependentServices~boot - Success"]
[2853][1578573408297][requester][info]["AppModels~boot - Success"]
[2853][1578573408299][requester][info]["RuntimeListeners~boot- Success"]
[2853][1578573408299][requester][info]["DBWatcher~boot - Success"]
[2853][1578573408301][requester][info]["ThemeManager~boot - Success"]
[2853][1578573408302][requester][info]["Store~boot - Success"]
[2853][1578573408305][requester][info]["Shortcuts~boot - Success"]
[2853][1578573408305][requester][info]["SyncProxy~boot - Success"]
[2853][1578573408327][requester][info]["NewConsole~boot - Success"]
[2853][1578573408355][requester][info]["Requester~boot - Success"]
[2853][1578573408357][requester][info]["booted - requester"]
[2853][1578573408652][requester][warn]["Failed to subscribe to workspace for all APIs",{"name":"Error","message":"","stack":"Error\n    at SafeSubscriber.realtimeRequest$.pipe.subscribe.event [as _next] (file:///opt/Postman/app/resources/app/js/vendor-shared.js:407718:24)\n    at SafeSubscriber.__tryOrUnsub (file:///opt/Postman/app/resources/app/js/vendor-shared.js:41937:16)\n    at SafeSubscriber.next (file:///opt/Postman/app/resources/app/js/vendor-shared.js:41875:22)\n    at Subscriber._next (file:///opt/Postman/app/resources/app/js/vendor-shared.js:41818:26)\n    at Subscriber.next (file:///opt/Postman/app/resources/app/js/vendor-shared.js:41795:18)\n    at FilterSubscriber._next (file:///opt/Postman/app/resources/app/js/vendor-shared.js:145627:30)\n    at FilterSubscriber.Subscriber.next (file:///opt/Postman/app/resources/app/js/vendor-shared.js:41795:18)\n    at RefCountSubscriber.Subscriber._next (file:///opt/Postman/app/resources/app/js/vendor-shared.js:41818:26)\n    at RefCountSubscriber.Subscriber.next (file:///opt/Postman/app/resources/app/js/vendor-shared.js:41795:18)\n    at Subject.next (file:///opt/Postman/app/resources/app/js/vendor-shared.js:75846:25)\n    at ConnectableSubscriber.Subscriber._next (file:///opt/Postman/app/resources/app/js/vendor-shared.js:41818:26)\n    at ConnectableSubscriber.Subscriber.next (file:///opt/Postman/app/resources/app/js/vendor-shared.js:41795:18)\n    at EventEmitter.realtimeRequestBus.subscribe.event (file:///opt/Postman/app/resources/app/js/vendor-shared.js:407665:14)\n    at EventEmitter.emit (file:///opt/Postman/app/resources/app/js/vendor-shared.js:48063:5)\n    at _dispatch (file:///opt/Postman/app/resources/app/js/vendor-shared.js:144126:14)\n    at EventEmitter.<anonymous> (file:///opt/Postman/app/resources/app/js/vendor-shared.js:144136:9)\n    at EventEmitter.emit (events.js:182:13)"}]
